<?xml version="1.0" encoding="UTF-8"?>
<testng-results ignored="0" total="3" passed="3" failed="0" skipped="0">
  <reporter-output>
  </reporter-output>
  <suite started-at="2024-12-09T12:05:02 IST" name="Default suite" finished-at="2024-12-09T12:05:06 IST" duration-ms="4514">
    <groups>
    </groups>
    <test started-at="2024-12-09T12:05:02 IST" name="Default test" finished-at="2024-12-09T12:05:06 IST" duration-ms="4514">
      <class name="test.DynamicJson">
        <test-method signature="addBook(java.lang.String,java.lang.String)[pri:0, instance:test.DynamicJson@74fe5c40]" started-at="2024-12-09T12:05:02 IST" name="addBook" data-provider="getData" finished-at="2024-12-09T12:05:06 IST" duration-ms="3848" status="PASS">
          <params>
            <param index="0">
              <value>
                <![CDATA[abcd]]>
              </value>
            </param>
            <param index="1">
              <value>
                <![CDATA[1234]]>
              </value>
            </param>
          </params>
          <reporter-output>
          </reporter-output>
        </test-method> <!-- addBook -->
        <test-method signature="addBook(java.lang.String,java.lang.String)[pri:0, instance:test.DynamicJson@74fe5c40]" started-at="2024-12-09T12:05:06 IST" name="addBook" data-provider="getData" finished-at="2024-12-09T12:05:06 IST" duration-ms="308" status="PASS">
          <params>
            <param index="0">
              <value>
                <![CDATA[asdf]]>
              </value>
            </param>
            <param index="1">
              <value>
                <![CDATA[2345]]>
              </value>
            </param>
          </params>
          <reporter-output>
          </reporter-output>
        </test-method> <!-- addBook -->
        <test-method signature="addBook(java.lang.String,java.lang.String)[pri:0, instance:test.DynamicJson@74fe5c40]" started-at="2024-12-09T12:05:06 IST" name="addBook" data-provider="getData" finished-at="2024-12-09T12:05:06 IST" duration-ms="280" status="PASS">
          <params>
            <param index="0">
              <value>
                <![CDATA[wert]]>
              </value>
            </param>
            <param index="1">
              <value>
                <![CDATA[3456]]>
              </value>
            </param>
          </params>
          <reporter-output>
          </reporter-output>
        </test-method> <!-- addBook -->
      </class> <!-- test.DynamicJson -->
    </test> <!-- Default test -->
  </suite> <!-- Default suite -->
</testng-results>
